<?xml version="1.0" encoding="UTF-8"?>
<robot generator="Robot 6.1.1 (Python 3.13.1 on win32)" generated="20251023 10:28:21.415" rpa="false" schemaversion="4">
<suite id="s1" name="STM32 Test Suite" source="E:\study\S1\taida_cap\PFC_Autotest\STM32_Test_Suite.robot">
<test id="s1-t1" name="测试读取设备1电流" line="28">
<kw name="Log" library="BuiltIn">
<arg>正在初始化STM32设备1...</arg>
<doc>Logs the given message with the given level.</doc>
<msg timestamp="20251023 10:28:21.474" level="INFO">正在初始化STM32设备1...</msg>
<status status="PASS" starttime="20251023 10:28:21.473" endtime="20251023 10:28:21.474"/>
</kw>
<kw name="Run Keyword And Return Status" library="BuiltIn">
<var>${status}</var>
<arg>Initialize STM32 Device</arg>
<arg>${DEVICE1_ID}</arg>
<arg>${DEVICE1_VID}</arg>
<arg>${DEVICE1_PID}</arg>
<arg>${BAUDRATE}</arg>
<arg>${TIMEOUT}</arg>
<doc>Runs the given keyword with given arguments and returns the status as a Boolean value.</doc>
<kw name="Initialize Stm32 Device" library="STM32Library">
<arg>${DEVICE1_ID}</arg>
<arg>${DEVICE1_VID}</arg>
<arg>${DEVICE1_PID}</arg>
<arg>${BAUDRATE}</arg>
<arg>${TIMEOUT}</arg>
<doc>初始化STM32设备</doc>
<msg timestamp="20251023 10:28:21.494" level="INFO">STM32设备初始化失败: 未找到VID=0483, PID=5740的设备</msg>
<status status="PASS" starttime="20251023 10:28:21.474" endtime="20251023 10:28:21.494"/>
</kw>
<msg timestamp="20251023 10:28:21.494" level="INFO">${status} = True</msg>
<status status="PASS" starttime="20251023 10:28:21.474" endtime="20251023 10:28:21.494"/>
</kw>
<kw name="Should Be True" library="BuiltIn">
<arg>${status}</arg>
<arg>设备1初始化失败</arg>
<doc>Fails if the given condition is not true.</doc>
<status status="PASS" starttime="20251023 10:28:21.494" endtime="20251023 10:28:21.494"/>
</kw>
<kw name="读取设备电流并验证" library="STM32Keywords">
<var>${current}</var>
<arg>${DEVICE1_ID}</arg>
<doc>读取设备电流并在合理范围内验证</doc>
<kw name="Read Current From Device" library="STM32Library">
<var>${current}</var>
<arg>${device_id}</arg>
<doc>从指定设备读取电流值</doc>
<msg timestamp="20251023 10:28:21.495" level="FAIL">设备 STM32_Device1 未初始化</msg>
<status status="FAIL" starttime="20251023 10:28:21.495" endtime="20251023 10:28:21.496"/>
</kw>
<kw name="Log" library="BuiltIn">
<arg>${device_id} 电流: ${current} A</arg>
<doc>Logs the given message with the given level.</doc>
<status status="NOT RUN" starttime="20251023 10:28:21.496" endtime="20251023 10:28:21.496"/>
</kw>
<kw name="Current Should Be Within Range" library="STM32Library">
<arg>${device_id}</arg>
<arg>${CURRENT_MIN}</arg>
<arg>${CURRENT_MAX}</arg>
<doc>验证设备电流在指定范围内</doc>
<status status="NOT RUN" starttime="20251023 10:28:21.496" endtime="20251023 10:28:21.496"/>
</kw>
<status status="FAIL" starttime="20251023 10:28:21.494" endtime="20251023 10:28:21.496"/>
</kw>
<kw name="Log" library="BuiltIn">
<arg>设备1电流测试通过: ${current}A</arg>
<doc>Logs the given message with the given level.</doc>
<status status="NOT RUN" starttime="20251023 10:28:21.496" endtime="20251023 10:28:21.496"/>
</kw>
<doc>测试读取设备1电流值</doc>
<tag>current</tag>
<tag>device1</tag>
<status status="FAIL" starttime="20251023 10:28:21.472" endtime="20251023 10:28:21.496">设备 STM32_Device1 未初始化</status>
</test>
<kw name="清理测试环境" library="STM32Keywords" type="TEARDOWN">
<doc>关闭所有连接</doc>
<kw name="Close All Connections" library="STM32Library">
<doc>关闭所有设备连接</doc>
<status status="PASS" starttime="20251023 10:28:21.497" endtime="20251023 10:28:21.497"/>
</kw>
<kw name="Log" library="BuiltIn">
<arg>所有设备连接已关闭</arg>
<doc>Logs the given message with the given level.</doc>
<msg timestamp="20251023 10:28:21.497" level="INFO">所有设备连接已关闭</msg>
<status status="PASS" starttime="20251023 10:28:21.497" endtime="20251023 10:28:21.497"/>
</kw>
<status status="PASS" starttime="20251023 10:28:21.497" endtime="20251023 10:28:21.497"/>
</kw>
<status status="FAIL" starttime="20251023 10:28:21.417" endtime="20251023 10:28:21.497"/>
</suite>
<statistics>
<total>
<stat pass="0" fail="1" skip="0">All Tests</stat>
</total>
<tag>
<stat pass="0" fail="1" skip="0">current</stat>
<stat pass="0" fail="1" skip="0">device1</stat>
</tag>
<suite>
<stat pass="0" fail="1" skip="0" id="s1" name="STM32 Test Suite">STM32 Test Suite</stat>
</suite>
</statistics>
<errors>
</errors>
</robot>
